{"level":"error","message":"Could not get the genres Could not get the genres","stack":"Error: Could not get the genres\n    at /home/arash/vscodeProjects/nodejs/9-AuthenticationAndAuthorization/routes/genres.js:48:9\n    at newFn (/home/arash/vscodeProjects/nodejs/9-AuthenticationAndAuthorization/node_modules/express-async-errors/index.js:16:20)\n    at Layer.handle [as handle_request] (/home/arash/vscodeProjects/nodejs/9-AuthenticationAndAuthorization/node_modules/express/lib/router/layer.js:95:5)\n    at next (/home/arash/vscodeProjects/nodejs/9-AuthenticationAndAuthorization/node_modules/express/lib/router/route.js:137:13)\n    at Route.dispatch (/home/arash/vscodeProjects/nodejs/9-AuthenticationAndAuthorization/node_modules/express/lib/router/route.js:112:3)\n    at newFn (/home/arash/vscodeProjects/nodejs/9-AuthenticationAndAuthorization/node_modules/express-async-errors/index.js:16:20)\n    at Layer.handle [as handle_request] (/home/arash/vscodeProjects/nodejs/9-AuthenticationAndAuthorization/node_modules/express/lib/router/layer.js:95:5)\n    at /home/arash/vscodeProjects/nodejs/9-AuthenticationAndAuthorization/node_modules/express/lib/router/index.js:281:22\n    at Function.process_params (/home/arash/vscodeProjects/nodejs/9-AuthenticationAndAuthorization/node_modules/express/lib/router/index.js:341:12)\n    at next (/home/arash/vscodeProjects/nodejs/9-AuthenticationAndAuthorization/node_modules/express/lib/router/index.js:275:10)"}
{"level":"error","message":"Could not get the genres Could not get the genres","stack":"Error: Could not get the genres\n    at /home/arash/vscodeProjects/nodejs/9-AuthenticationAndAuthorization/routes/genres.js:48:9\n    at newFn (/home/arash/vscodeProjects/nodejs/9-AuthenticationAndAuthorization/node_modules/express-async-errors/index.js:16:20)\n    at Layer.handle [as handle_request] (/home/arash/vscodeProjects/nodejs/9-AuthenticationAndAuthorization/node_modules/express/lib/router/layer.js:95:5)\n    at next (/home/arash/vscodeProjects/nodejs/9-AuthenticationAndAuthorization/node_modules/express/lib/router/route.js:137:13)\n    at Route.dispatch (/home/arash/vscodeProjects/nodejs/9-AuthenticationAndAuthorization/node_modules/express/lib/router/route.js:112:3)\n    at newFn (/home/arash/vscodeProjects/nodejs/9-AuthenticationAndAuthorization/node_modules/express-async-errors/index.js:16:20)\n    at Layer.handle [as handle_request] (/home/arash/vscodeProjects/nodejs/9-AuthenticationAndAuthorization/node_modules/express/lib/router/layer.js:95:5)\n    at /home/arash/vscodeProjects/nodejs/9-AuthenticationAndAuthorization/node_modules/express/lib/router/index.js:281:22\n    at Function.process_params (/home/arash/vscodeProjects/nodejs/9-AuthenticationAndAuthorization/node_modules/express/lib/router/index.js:341:12)\n    at next (/home/arash/vscodeProjects/nodejs/9-AuthenticationAndAuthorization/node_modules/express/lib/router/index.js:275:10)"}
{"level":"error","message":"Could not get the genres Could not get the genres","stack":"Error: Could not get the genres\n    at /home/arash/vscodeProjects/nodejs/9-AuthenticationAndAuthorization/routes/genres.js:48:9\n    at newFn (/home/arash/vscodeProjects/nodejs/9-AuthenticationAndAuthorization/node_modules/express-async-errors/index.js:16:20)\n    at Layer.handle [as handle_request] (/home/arash/vscodeProjects/nodejs/9-AuthenticationAndAuthorization/node_modules/express/lib/router/layer.js:95:5)\n    at next (/home/arash/vscodeProjects/nodejs/9-AuthenticationAndAuthorization/node_modules/express/lib/router/route.js:137:13)\n    at Route.dispatch (/home/arash/vscodeProjects/nodejs/9-AuthenticationAndAuthorization/node_modules/express/lib/router/route.js:112:3)\n    at newFn (/home/arash/vscodeProjects/nodejs/9-AuthenticationAndAuthorization/node_modules/express-async-errors/index.js:16:20)\n    at Layer.handle [as handle_request] (/home/arash/vscodeProjects/nodejs/9-AuthenticationAndAuthorization/node_modules/express/lib/router/layer.js:95:5)\n    at /home/arash/vscodeProjects/nodejs/9-AuthenticationAndAuthorization/node_modules/express/lib/router/index.js:281:22\n    at Function.process_params (/home/arash/vscodeProjects/nodejs/9-AuthenticationAndAuthorization/node_modules/express/lib/router/index.js:341:12)\n    at next (/home/arash/vscodeProjects/nodejs/9-AuthenticationAndAuthorization/node_modules/express/lib/router/index.js:275:10)"}
{"level":"error","message":"Could not get the genres Could not get the genres","stack":"Error: Could not get the genres\n    at /home/arash/vscodeProjects/nodejs/9-AuthenticationAndAuthorization/routes/genres.js:48:9\n    at newFn (/home/arash/vscodeProjects/nodejs/9-AuthenticationAndAuthorization/node_modules/express-async-errors/index.js:16:20)\n    at Layer.handle [as handle_request] (/home/arash/vscodeProjects/nodejs/9-AuthenticationAndAuthorization/node_modules/express/lib/router/layer.js:95:5)\n    at next (/home/arash/vscodeProjects/nodejs/9-AuthenticationAndAuthorization/node_modules/express/lib/router/route.js:137:13)\n    at Route.dispatch (/home/arash/vscodeProjects/nodejs/9-AuthenticationAndAuthorization/node_modules/express/lib/router/route.js:112:3)\n    at newFn (/home/arash/vscodeProjects/nodejs/9-AuthenticationAndAuthorization/node_modules/express-async-errors/index.js:16:20)\n    at Layer.handle [as handle_request] (/home/arash/vscodeProjects/nodejs/9-AuthenticationAndAuthorization/node_modules/express/lib/router/layer.js:95:5)\n    at /home/arash/vscodeProjects/nodejs/9-AuthenticationAndAuthorization/node_modules/express/lib/router/index.js:281:22\n    at Function.process_params (/home/arash/vscodeProjects/nodejs/9-AuthenticationAndAuthorization/node_modules/express/lib/router/index.js:341:12)\n    at next (/home/arash/vscodeProjects/nodejs/9-AuthenticationAndAuthorization/node_modules/express/lib/router/index.js:275:10)"}
{"level":"error","message":"Could not get the genres","metadata":{"metaKey":"metaValue"}}
{"level":"error","message":"Could not get the genres","metadata":{}}
{"level":"error","message":"Could not get the genres Could not get the genres","stack":"Error: Could not get the genres\n    at /home/arash/vscodeProjects/nodejs/9-AuthenticationAndAuthorization/routes/genres.js:48:9\n    at newFn (/home/arash/vscodeProjects/nodejs/9-AuthenticationAndAuthorization/node_modules/express-async-errors/index.js:16:20)\n    at Layer.handle [as handle_request] (/home/arash/vscodeProjects/nodejs/9-AuthenticationAndAuthorization/node_modules/express/lib/router/layer.js:95:5)\n    at next (/home/arash/vscodeProjects/nodejs/9-AuthenticationAndAuthorization/node_modules/express/lib/router/route.js:137:13)\n    at Route.dispatch (/home/arash/vscodeProjects/nodejs/9-AuthenticationAndAuthorization/node_modules/express/lib/router/route.js:112:3)\n    at newFn (/home/arash/vscodeProjects/nodejs/9-AuthenticationAndAuthorization/node_modules/express-async-errors/index.js:16:20)\n    at Layer.handle [as handle_request] (/home/arash/vscodeProjects/nodejs/9-AuthenticationAndAuthorization/node_modules/express/lib/router/layer.js:95:5)\n    at /home/arash/vscodeProjects/nodejs/9-AuthenticationAndAuthorization/node_modules/express/lib/router/index.js:281:22\n    at Function.process_params (/home/arash/vscodeProjects/nodejs/9-AuthenticationAndAuthorization/node_modules/express/lib/router/index.js:341:12)\n    at next (/home/arash/vscodeProjects/nodejs/9-AuthenticationAndAuthorization/node_modules/express/lib/router/index.js:275:10)"}
{"level":"error","message":"Could not get the genres","metadata":{}}
{"err":{},"level":"error","message":"Could not get the genres","metadata":{}}
{"level":"error","message":"Could not get the genres Could not get the genres","name":"Error","stack":"Error: Could not get the genres\n    at /home/arash/vscodeProjects/nodejs/9-AuthenticationAndAuthorization/routes/genres.js:48:9\n    at newFn (/home/arash/vscodeProjects/nodejs/9-AuthenticationAndAuthorization/node_modules/express-async-errors/index.js:16:20)\n    at Layer.handle [as handle_request] (/home/arash/vscodeProjects/nodejs/9-AuthenticationAndAuthorization/node_modules/express/lib/router/layer.js:95:5)\n    at next (/home/arash/vscodeProjects/nodejs/9-AuthenticationAndAuthorization/node_modules/express/lib/router/route.js:137:13)\n    at Route.dispatch (/home/arash/vscodeProjects/nodejs/9-AuthenticationAndAuthorization/node_modules/express/lib/router/route.js:112:3)\n    at newFn (/home/arash/vscodeProjects/nodejs/9-AuthenticationAndAuthorization/node_modules/express-async-errors/index.js:16:20)\n    at Layer.handle [as handle_request] (/home/arash/vscodeProjects/nodejs/9-AuthenticationAndAuthorization/node_modules/express/lib/router/layer.js:95:5)\n    at /home/arash/vscodeProjects/nodejs/9-AuthenticationAndAuthorization/node_modules/express/lib/router/index.js:281:22\n    at Function.process_params (/home/arash/vscodeProjects/nodejs/9-AuthenticationAndAuthorization/node_modules/express/lib/router/index.js:341:12)\n    at next (/home/arash/vscodeProjects/nodejs/9-AuthenticationAndAuthorization/node_modules/express/lib/router/index.js:275:10)"}
{"level":"error","message":"Could not get the genres","metadata":{"message":"Could not get the genres","name":"Error","stack":"Error: Could not get the genres\n    at /home/arash/vscodeProjects/nodejs/9-AuthenticationAndAuthorization/routes/genres.js:48:9\n    at newFn (/home/arash/vscodeProjects/nodejs/9-AuthenticationAndAuthorization/node_modules/express-async-errors/index.js:16:20)\n    at Layer.handle [as handle_request] (/home/arash/vscodeProjects/nodejs/9-AuthenticationAndAuthorization/node_modules/express/lib/router/layer.js:95:5)\n    at next (/home/arash/vscodeProjects/nodejs/9-AuthenticationAndAuthorization/node_modules/express/lib/router/route.js:137:13)\n    at Route.dispatch (/home/arash/vscodeProjects/nodejs/9-AuthenticationAndAuthorization/node_modules/express/lib/router/route.js:112:3)\n    at newFn (/home/arash/vscodeProjects/nodejs/9-AuthenticationAndAuthorization/node_modules/express-async-errors/index.js:16:20)\n    at Layer.handle [as handle_request] (/home/arash/vscodeProjects/nodejs/9-AuthenticationAndAuthorization/node_modules/express/lib/router/layer.js:95:5)\n    at /home/arash/vscodeProjects/nodejs/9-AuthenticationAndAuthorization/node_modules/express/lib/router/index.js:281:22\n    at Function.process_params (/home/arash/vscodeProjects/nodejs/9-AuthenticationAndAuthorization/node_modules/express/lib/router/index.js:341:12)\n    at next (/home/arash/vscodeProjects/nodejs/9-AuthenticationAndAuthorization/node_modules/express/lib/router/index.js:275:10)"}}
{"level":"error","message":"Could not get the genres","metadata":{"message":"Could not get the genres","name":"Error","stack":"Error: Could not get the genres\n    at /home/arash/vscodeProjects/nodejs/9-AuthenticationAndAuthorization/routes/genres.js:48:9\n    at newFn (/home/arash/vscodeProjects/nodejs/9-AuthenticationAndAuthorization/node_modules/express-async-errors/index.js:16:20)\n    at Layer.handle [as handle_request] (/home/arash/vscodeProjects/nodejs/9-AuthenticationAndAuthorization/node_modules/express/lib/router/layer.js:95:5)\n    at next (/home/arash/vscodeProjects/nodejs/9-AuthenticationAndAuthorization/node_modules/express/lib/router/route.js:137:13)\n    at Route.dispatch (/home/arash/vscodeProjects/nodejs/9-AuthenticationAndAuthorization/node_modules/express/lib/router/route.js:112:3)\n    at newFn (/home/arash/vscodeProjects/nodejs/9-AuthenticationAndAuthorization/node_modules/express-async-errors/index.js:16:20)\n    at Layer.handle [as handle_request] (/home/arash/vscodeProjects/nodejs/9-AuthenticationAndAuthorization/node_modules/express/lib/router/layer.js:95:5)\n    at /home/arash/vscodeProjects/nodejs/9-AuthenticationAndAuthorization/node_modules/express/lib/router/index.js:281:22\n    at Function.process_params (/home/arash/vscodeProjects/nodejs/9-AuthenticationAndAuthorization/node_modules/express/lib/router/index.js:341:12)\n    at next (/home/arash/vscodeProjects/nodejs/9-AuthenticationAndAuthorization/node_modules/express/lib/router/index.js:275:10)"}}
{"level":"error","message":"Something faild during startup.","metadata":{"message":"Something faild during startup.","name":"Error","stack":"Error: Something faild during startup.\n    at Object.<anonymous> (/home/arash/vscodeProjects/nodejs/9-AuthenticationAndAuthorization/index.js:61:7)\n    at Module._compile (node:internal/modules/cjs/loader:1101:14)\n    at Object.Module._extensions..js (node:internal/modules/cjs/loader:1153:10)\n    at Module.load (node:internal/modules/cjs/loader:981:32)\n    at Function.Module._load (node:internal/modules/cjs/loader:822:12)\n    at Function.executeUserEntryPoint [as runMain] (node:internal/modules/run_main:81:12)\n    at node:internal/main/run_main_module:17:47"}}{"level":"info","message":"Connected to DB"}
{"level":"info","message":"listening on port 3000 ..."}
{"level":"info","message":"Connected to DB"}
{"level":"info","message":"listening on port 3003 ..."}
{"level":"info","message":"Connected to DB"}
{"level":"info","message":"listening on port 3003 ..."}
{"level":"info","message":"Connected to DB"}
{"level":"info","message":"listening on port 3003 ..."}
{"level":"info","message":"Connected to DB"}
{"level":"info","message":"listening on port 3003 ..."}
{"level":"info","message":"Connected to DB"}
{"level":"error","message":"Request failed with status code 404","metadata":{"message":"Request failed with status code 404","name":"AxiosError"}}
{"level":"info","message":"listening on port 3003 ..."}
{"level":"info","message":"Connected to DB"}
{"level":"error","message":"Request failed with status code 404","metadata":{"message":"Request failed with status code 404","name":"AxiosError"}}
{"level":"info","message":"listening on port 3003 ..."}
{"level":"info","message":"Connected to DB"}
{"level":"info","message":"listening on port 3003 ..."}
{"level":"info","message":"Connected to DB"}
{"level":"error","message":"Cannot read properties of undefined (reading 'message')","metadata":{"message":"Cannot read properties of undefined (reading 'message')","name":"TypeError","stack":"TypeError: Cannot read properties of undefined (reading 'message')\n    at /home/arash/vscodeProjects/Project/rental/routes/rentals.js:35:101\n    at processTicksAndRejections (node:internal/process/task_queues:96:5)"}}
{"level":"info","message":"listening on port 3003 ..."}
{"level":"info","message":"Connected to DB"}
{"level":"info","message":"listening on port 3003 ..."}
{"level":"info","message":"Connected to DB"}
{"level":"info","message":"listening on port 3003 ..."}
{"level":"info","message":"Connected to DB"}
{"level":"info","message":"listening on port 3003 ..."}
{"level":"info","message":"Connected to DB"}
{"level":"info","message":"listening on port 3003 ..."}
{"level":"info","message":"Connected to DB"}
{"level":"info","message":"listening on port 3003 ..."}
{"level":"info","message":"Connected to DB"}
{"level":"info","message":"listening on port 3003 ..."}
{"level":"info","message":"Connected to DB"}
{"level":"info","message":"listening on port 3003 ..."}
{"level":"info","message":"Connected to DB"}
{"level":"info","message":"listening on port 3003 ..."}
{"level":"info","message":"Connected to DB"}
{"level":"error","message":"customer is not defined","metadata":{"message":"customer is not defined","name":"ReferenceError","stack":"ReferenceError: customer is not defined\n    at /home/arash/vscodeProjects/Project/rental/routes/rentals.js:50:18\n    at processTicksAndRejections (node:internal/process/task_queues:96:5)"}}
{"level":"info","message":"listening on port 3003 ..."}
{"level":"info","message":"Connected to DB"}
{"level":"info","message":"listening on port 3003 ..."}
{"level":"info","message":"Connected to DB"}
{"level":"info","message":"listening on port 3003 ..."}
{"level":"info","message":"Connected to DB"}
{"level":"info","message":"listening on port 3003 ..."}
{"level":"info","message":"Connected to DB"}
{"level":"info","message":"listening on port 3003 ..."}
{"level":"info","message":"Connected to DB"}
{"level":"info","message":"listening on port 3003 ..."}
{"level":"info","message":"Connected to DB"}
{"level":"info","message":"listening on port 3003 ..."}
{"level":"info","message":"Connected to DB"}
{"level":"info","message":"listening on port 3003 ..."}
{"level":"info","message":"Connected to DB"}
{"level":"info","message":"listening on port 3003 ..."}
{"level":"info","message":"Connected to DB"}
{"level":"info","message":"listening on port 3003 ..."}
{"level":"info","message":"Connected to DB"}
{"level":"info","message":"listening on port 3003 ..."}
{"level":"info","message":"Connected to DB"}
{"level":"info","message":"listening on port 3003 ..."}
{"level":"info","message":"Connected to DB"}
{"level":"info","message":"listening on port 3003 ..."}
{"level":"info","message":"Connected to DB"}
{"level":"info","message":"listening on port 3003 ..."}
{"level":"info","message":"Connected to DB"}
{"level":"error","message":"dateReturned is not defined","metadata":{"message":"dateReturned is not defined","name":"ReferenceError","stack":"ReferenceError: dateReturned is not defined\n    at /home/arash/vscodeProjects/Project/rental/routes/rentals.js:97:26\n    at processTicksAndRejections (node:internal/process/task_queues:96:5)"}}
{"level":"info","message":"listening on port 3003 ..."}
{"level":"info","message":"Connected to DB"}
{"level":"info","message":"listening on port 3003 ..."}
{"level":"info","message":"Connected to DB"}
{"level":"info","message":"listening on port 3003 ..."}
{"level":"info","message":"Connected to DB"}
